2020-10-23 22:49:30.339 INFO  cn.jwis.configration.clientUtil.ConfigCenterHelper[40]  Loading config by :http://10.159.65.221:14200/configCenter/findConfig?side=server&serviceName=pqm-quality-workflow-service&env=dev&configType=properties
2020-10-23 22:49:30.351 INFO  cn.jwis.configration.clientUtil.HttpClientUtil[51]  Http Request:http://10.159.65.221:14200/configCenter/findConfig?side=server&serviceName=pqm-quality-workflow-service&env=dev&configType=properties
2020-10-23 22:49:46.197 ERROR cn.jwis.configration.clientUtil.HttpClientUtil[77]  send Http Request to:http://10.159.65.221:14200/configCenter/findConfig?side=server&serviceName=pqm-quality-workflow-service&env=dev&configType=properties ,has errors:Connect to 10.159.65.221:14200 [/10.159.65.221] failed: connect timed out
2020-10-23 22:49:46.199 INFO  cn.jwis.configration.clientUtil.ConfigCenterHelper[43]  Get config :
2020-10-23 22:49:46.241 ERROR cn.jwis.configration.clientUtil.ConfigCenterHelper[56]  null
2020-10-23 22:49:46.889 INFO  cn.jwis.qualityworkflow.Application[50]  Starting Application on THINK-Lx with PID 9464 (C:\Users\THINK\Desktop\QMS-Server\quality-workflow-service\target\classes started by THINK in C:\Users\THINK\Desktop\QMS-Server\quality-workflow-service)
2020-10-23 22:49:46.890 DEBUG cn.jwis.qualityworkflow.Application[53]  Running with Spring Boot v2.1.0.RELEASE, Spring v5.1.2.RELEASE
2020-10-23 22:49:46.891 INFO  cn.jwis.qualityworkflow.Application[679]  The following profiles are active: dev
2020-10-23 22:49:49.038 INFO  o.s.c.s.PostProcessorRegistrationDelegate$BeanPostProcessorChecker[330]  Bean 'org.springframework.amqp.rabbit.annotation.RabbitBootstrapConfiguration' of type [org.springframework.amqp.rabbit.annotation.RabbitBootstrapConfiguration$$EnhancerBySpringCGLIB$$2d333bd0] is not eligible for getting processed by all BeanPostProcessors (for example: not eligible for auto-proxying)
2020-10-23 22:49:49.110 INFO  o.s.c.s.PostProcessorRegistrationDelegate$BeanPostProcessorChecker[330]  Bean 'org.springframework.transaction.annotation.ProxyTransactionManagementConfiguration' of type [org.springframework.transaction.annotation.ProxyTransactionManagementConfiguration$$EnhancerBySpringCGLIB$$66c77da2] is not eligible for getting processed by all BeanPostProcessors (for example: not eligible for auto-proxying)
2020-10-23 22:49:49.863 INFO  o.s.boot.web.embedded.tomcat.TomcatWebServer[90]  Tomcat initialized with port(s): 8115 (http)
2020-10-23 22:49:49.883 INFO  org.apache.coyote.http11.Http11NioProtocol[173]  Initializing ProtocolHandler ["http-nio-8115"]
2020-10-23 22:49:49.890 INFO  org.apache.catalina.core.StandardService[173]  Starting service [Tomcat]
2020-10-23 22:49:49.891 INFO  org.apache.catalina.core.StandardEngine[173]  Starting Servlet Engine: Apache Tomcat/9.0.12
2020-10-23 22:49:49.899 INFO  org.apache.catalina.core.AprLifecycleListener[173]  The APR based Apache Tomcat Native library which allows optimal performance in production environments was not found on the java.library.path: [C:\Program Files\Java\jdk1.8.0_192\bin;C:\Windows\Sun\Java\bin;C:\Windows\system32;C:\Windows;C:\Program Files\Java\jdk1.8.0_192\bin;C:\Program Files\Java\jdk1.8.0_192\jre\bin;D:\java\apache-maven-3.6.0\bin;C:\Program Files (x86)\Common Files\Oracle\Java\javapath;C:\Windows\system32;C:\Windows;C:\Windows\System32\Wbem;C:\Windows\System32\WindowsPowerShell\v1.0\;D:\job\Git\cmd;C:\Program Files\TortoiseGit\bin;C:\Program Files\nodejs\;D:\java\mysql\mysql-5.7.11-winx64\bin;D:\job\Microsoft VS Code\bin;C:\Program Files\Microsoft VS Code\bin;C:\Users\THINK\AppData\Roaming\npm;.]
2020-10-23 22:49:50.023 INFO  o.a.c.core.ContainerBase.[Tomcat].[localhost].[/][173]  Initializing Spring embedded WebApplicationContext
2020-10-23 22:49:50.023 INFO  org.springframework.web.context.ContextLoader[285]  Root WebApplicationContext: initialization completed in 3049 ms
2020-10-23 22:49:50.063 INFO  o.s.boot.web.servlet.ServletRegistrationBean[186]  Servlet dispatcherServlet mapped to [/]
2020-10-23 22:49:50.068 INFO  o.s.boot.web.servlet.FilterRegistrationBean[248]  Mapping filter: 'characterEncodingFilter' to: [/*]
2020-10-23 22:49:50.068 INFO  o.s.boot.web.servlet.FilterRegistrationBean[248]  Mapping filter: 'hiddenHttpMethodFilter' to: [/*]
2020-10-23 22:49:50.069 INFO  o.s.boot.web.servlet.FilterRegistrationBean[248]  Mapping filter: 'formContentFilter' to: [/*]
2020-10-23 22:49:50.070 INFO  o.s.boot.web.servlet.FilterRegistrationBean[248]  Mapping filter: 'requestContextFilter' to: [/*]
2020-10-23 22:49:52.680 INFO  o.s.scheduling.concurrent.ThreadPoolTaskExecutor[171]  Initializing ExecutorService 'applicationTaskExecutor'
2020-10-23 22:49:53.207 INFO  s.d.s.web.plugins.DocumentationPluginsBootstrapper[120]  Context refreshed
2020-10-23 22:49:53.227 INFO  s.d.s.web.plugins.DocumentationPluginsBootstrapper[123]  Found 1 custom documentation plugin(s)
2020-10-23 22:49:53.245 INFO  s.d.spring.web.scanners.ApiListingReferenceScanner[41]  Scanning for api listing references
2020-10-23 22:49:53.680 INFO  s.d.s.w.r.operation.CachingOperationNameGenerator[40]  Generating unique operation named: confirmUsingPOST_1
2020-10-23 22:49:54.049 INFO  s.d.s.w.r.operation.CachingOperationNameGenerator[40]  Generating unique operation named: exportUnseasonalBolaUsingGET_1
2020-10-23 22:49:54.055 INFO  s.d.s.w.r.operation.CachingOperationNameGenerator[40]  Generating unique operation named: exportUnseasonalListUsingPOST_1
2020-10-23 22:49:54.063 INFO  s.d.s.w.r.operation.CachingOperationNameGenerator[40]  Generating unique operation named: getAllAndCloseUsingPOST_1
2020-10-23 22:49:54.069 INFO  s.d.s.w.r.operation.CachingOperationNameGenerator[40]  Generating unique operation named: getAllDataUsingPOST_1
2020-10-23 22:49:54.077 INFO  s.d.s.w.r.operation.CachingOperationNameGenerator[40]  Generating unique operation named: getBlackDetailsUsingPOST_1
2020-10-23 22:49:54.083 INFO  s.d.s.w.r.operation.CachingOperationNameGenerator[40]  Generating unique operation named: getDashBoardCloseUsingPOST_1
2020-10-23 22:49:54.090 INFO  s.d.s.w.r.operation.CachingOperationNameGenerator[40]  Generating unique operation named: getDashBoardNotCloseUsingPOST_1
2020-10-23 22:49:54.097 INFO  s.d.s.w.r.operation.CachingOperationNameGenerator[40]  Generating unique operation named: getOverdueUsingPOST_1
2020-10-23 22:49:54.103 INFO  s.d.s.w.r.operation.CachingOperationNameGenerator[40]  Generating unique operation named: getUnseasonalBolaUsingGET_1
2020-10-23 22:49:54.110 INFO  s.d.s.w.r.operation.CachingOperationNameGenerator[40]  Generating unique operation named: getUnseasonalListUsingPOST_1
2020-10-23 22:49:54.117 INFO  s.d.s.w.r.operation.CachingOperationNameGenerator[40]  Generating unique operation named: confirmUsingPOST_2
2020-10-23 22:49:54.154 INFO  s.d.s.w.r.operation.CachingOperationNameGenerator[40]  Generating unique operation named: getLatestRecordContentUsingGET_1
2020-10-23 22:49:54.172 INFO  s.d.s.w.r.operation.CachingOperationNameGenerator[40]  Generating unique operation named: saveRecordContentUsingPOST_1
2020-10-23 22:49:54.194 INFO  s.d.s.w.r.operation.CachingOperationNameGenerator[40]  Generating unique operation named: getDropdownValueUsingGET_1
2020-10-23 22:49:54.215 INFO  s.d.s.w.r.operation.CachingOperationNameGenerator[40]  Generating unique operation named: confirmUsingPOST_3
2020-10-23 22:49:54.224 INFO  s.d.s.w.r.operation.CachingOperationNameGenerator[40]  Generating unique operation named: getDropdownValueUsingGET_2
2020-10-23 22:49:54.231 INFO  s.d.s.w.r.operation.CachingOperationNameGenerator[40]  Generating unique operation named: getLatestRecordContentUsingGET_2
2020-10-23 22:49:54.246 INFO  s.d.s.w.r.operation.CachingOperationNameGenerator[40]  Generating unique operation named: exportEsdAdministrationUsingPOST_1
2020-10-23 22:49:54.276 INFO  s.d.s.w.r.operation.CachingOperationNameGenerator[40]  Generating unique operation named: getDropdownValueUsingGET_3
2020-10-23 22:49:54.338 INFO  s.d.s.w.r.operation.CachingOperationNameGenerator[40]  Generating unique operation named: confirmUsingPOST_4
2020-10-23 22:49:54.354 INFO  s.d.s.w.r.operation.CachingOperationNameGenerator[40]  Generating unique operation named: getDropdownValueUsingGET_4
2020-10-23 22:49:54.379 INFO  s.d.s.w.r.operation.CachingOperationNameGenerator[40]  Generating unique operation named: getLatestRecordContentUsingGET_3
2020-10-23 22:49:54.448 INFO  s.d.s.w.r.operation.CachingOperationNameGenerator[40]  Generating unique operation named: exportEsdInStanInfoTemplateUsingGET_1
2020-10-23 22:49:54.565 INFO  s.d.s.w.r.operation.CachingOperationNameGenerator[40]  Generating unique operation named: confirmUsingPOST_5
2020-10-23 22:49:54.574 INFO  s.d.s.w.r.operation.CachingOperationNameGenerator[40]  Generating unique operation named: getDropdownValueUsingGET_5
2020-10-23 22:49:54.608 INFO  s.d.s.w.r.operation.CachingOperationNameGenerator[40]  Generating unique operation named: confirmUsingPOST_6
2020-10-23 22:49:54.626 INFO  s.d.s.w.r.operation.CachingOperationNameGenerator[40]  Generating unique operation named: findTableNameBySampleNameUsingGET_1
2020-10-23 22:49:54.662 INFO  s.d.s.w.r.operation.CachingOperationNameGenerator[40]  Generating unique operation named: commonExportTemplateUsingPOST_1
2020-10-23 22:49:54.682 INFO  s.d.s.w.r.operation.CachingOperationNameGenerator[40]  Generating unique operation named: confirmUsingPOST_7
2020-10-23 22:49:54.689 INFO  s.d.s.w.r.operation.CachingOperationNameGenerator[40]  Generating unique operation named: exportEcnInfoUsingPOST_1
2020-10-23 22:49:54.692 INFO  s.d.s.w.r.operation.CachingOperationNameGenerator[40]  Generating unique operation named: getDetailednessInfoUsingPOST_1
2020-10-23 22:49:54.694 INFO  s.d.s.w.r.operation.CachingOperationNameGenerator[40]  Generating unique operation named: getLatestRecordContentUsingGET_4
2020-10-23 22:49:54.700 INFO  s.d.s.w.r.operation.CachingOperationNameGenerator[40]  Generating unique operation named: getPullDownValueUsingGET_1
2020-10-23 22:49:54.702 INFO  s.d.s.w.r.operation.CachingOperationNameGenerator[40]  Generating unique operation named: saveRecordContentUsingPOST_2
2020-10-23 22:49:54.718 INFO  s.d.s.w.r.operation.CachingOperationNameGenerator[40]  Generating unique operation named: exportDetailsUsingPOST_1
2020-10-23 22:49:54.724 INFO  s.d.s.w.r.operation.CachingOperationNameGenerator[40]  Generating unique operation named: exportUnseasonalBolaUsingGET_2
2020-10-23 22:49:54.730 INFO  s.d.s.w.r.operation.CachingOperationNameGenerator[40]  Generating unique operation named: exportUnseasonalListUsingPOST_2
2020-10-23 22:49:54.736 INFO  s.d.s.w.r.operation.CachingOperationNameGenerator[40]  Generating unique operation named: getAllAndCloseUsingPOST_2
2020-10-23 22:49:54.741 INFO  s.d.s.w.r.operation.CachingOperationNameGenerator[40]  Generating unique operation named: getAllDataUsingPOST_2
2020-10-23 22:49:54.748 INFO  s.d.s.w.r.operation.CachingOperationNameGenerator[40]  Generating unique operation named: getDashBoardCloseUsingPOST_2
2020-10-23 22:49:54.754 INFO  s.d.s.w.r.operation.CachingOperationNameGenerator[40]  Generating unique operation named: getDashBoardNotCloseUsingPOST_2
2020-10-23 22:49:54.765 INFO  s.d.s.w.r.operation.CachingOperationNameGenerator[40]  Generating unique operation named: getOverdueUsingPOST_2
2020-10-23 22:49:54.773 INFO  s.d.s.w.r.operation.CachingOperationNameGenerator[40]  Generating unique operation named: getUnseasonalBolaUsingGET_2
2020-10-23 22:49:54.780 INFO  s.d.s.w.r.operation.CachingOperationNameGenerator[40]  Generating unique operation named: getUnseasonalListUsingPOST_2
2020-10-23 22:49:54.798 INFO  s.d.s.w.r.operation.CachingOperationNameGenerator[40]  Generating unique operation named: getDropdownValueUsingGET_6
2020-10-23 22:49:54.869 INFO  s.d.s.w.r.operation.CachingOperationNameGenerator[40]  Generating unique operation named: confirmUsingPOST_8
2020-10-23 22:49:54.896 INFO  s.d.s.w.r.operation.CachingOperationNameGenerator[40]  Generating unique operation named: getDropdownValueUsingGET_7
2020-10-23 22:49:54.936 INFO  s.d.s.w.r.operation.CachingOperationNameGenerator[40]  Generating unique operation named: exportInfoUsingPOST_1
2020-10-23 22:49:54.941 INFO  s.d.s.w.r.operation.CachingOperationNameGenerator[40]  Generating unique operation named: getAddCountUsingPOST_1
2020-10-23 22:49:54.949 INFO  s.d.s.w.r.operation.CachingOperationNameGenerator[40]  Generating unique operation named: getDashBoardCountUsingPOST_1
2020-10-23 22:49:54.958 INFO  s.d.s.w.r.operation.CachingOperationNameGenerator[40]  Generating unique operation named: getInfoListUsingPOST_1
2020-10-23 22:49:54.961 INFO  s.d.s.w.r.operation.CachingOperationNameGenerator[40]  Generating unique operation named: getLatestRecordContentUsingGET_5
2020-10-23 22:49:54.969 INFO  s.d.s.w.r.operation.CachingOperationNameGenerator[40]  Generating unique operation named: getOverdueCountUsingPOST_1
2020-10-23 22:49:54.973 INFO  s.d.s.w.r.operation.CachingOperationNameGenerator[40]  Generating unique operation named: getProcessingCountUsingPOST_1
2020-10-23 22:49:54.977 INFO  s.d.s.w.r.operation.CachingOperationNameGenerator[40]  Generating unique operation named: getPullDownValueUsingGET_2
2020-10-23 22:49:54.990 INFO  s.d.s.w.r.operation.CachingOperationNameGenerator[40]  Generating unique operation named: insertUsingPOST_1
2020-10-23 22:49:54.994 INFO  s.d.s.w.r.operation.CachingOperationNameGenerator[40]  Generating unique operation named: saveRecordContentUsingPOST_3
2020-10-23 22:49:55.009 INFO  s.d.s.w.r.operation.CachingOperationNameGenerator[40]  Generating unique operation named: getInfoListUsingPOST_2
2020-10-23 22:49:55.017 INFO  s.d.s.w.r.operation.CachingOperationNameGenerator[40]  Generating unique operation named: getPullDownValueUsingGET_3
2020-10-23 22:49:55.025 INFO  s.d.s.w.r.operation.CachingOperationNameGenerator[40]  Generating unique operation named: insertUsingPOST_2
2020-10-23 22:49:55.040 INFO  s.d.s.w.r.operation.CachingOperationNameGenerator[40]  Generating unique operation named: getAuditListInfoByIdUsingPOST_1
2020-10-23 22:49:55.073 INFO  s.d.s.w.r.operation.CachingOperationNameGenerator[40]  Generating unique operation named: confirmUsingPOST_9
2020-10-23 22:49:55.087 INFO  s.d.s.w.r.operation.CachingOperationNameGenerator[40]  Generating unique operation named: getLatestRecordContentUsingPOST_1
2020-10-23 22:49:55.106 INFO  s.d.s.w.r.operation.CachingOperationNameGenerator[40]  Generating unique operation named: saveRecordContentUsingPOST_4
2020-10-23 22:49:55.114 INFO  s.d.s.w.r.operation.CachingOperationNameGenerator[40]  Generating unique operation named: confirmUsingPOST_10
2020-10-23 22:49:55.141 INFO  s.d.s.w.r.operation.CachingOperationNameGenerator[40]  Generating unique operation named: getDropdownValueUsingGET_8
2020-10-23 22:49:55.147 INFO  s.d.s.w.r.operation.CachingOperationNameGenerator[40]  Generating unique operation named: getLatestRecordContentUsingGET_6
2020-10-23 22:49:55.242 INFO  s.d.s.w.r.operation.CachingOperationNameGenerator[40]  Generating unique operation named: confirmUsingPOST_11
2020-10-23 22:49:55.270 INFO  s.d.s.w.r.operation.CachingOperationNameGenerator[40]  Generating unique operation named: getDropdownValueUsingGET_9
2020-10-23 22:49:55.276 INFO  s.d.s.w.r.operation.CachingOperationNameGenerator[40]  Generating unique operation named: getLatestRecordContentUsingGET_7
2020-10-23 22:49:55.295 INFO  s.d.s.w.r.operation.CachingOperationNameGenerator[40]  Generating unique operation named: getSuperiorUsingGET_1
2020-10-23 22:49:55.336 INFO  s.d.s.w.r.operation.CachingOperationNameGenerator[40]  Generating unique operation named: confirmUsingPOST_12
2020-10-23 22:49:55.369 INFO  s.d.s.w.r.operation.CachingOperationNameGenerator[40]  Generating unique operation named: getDetailednessInfoUsingPOST_2
2020-10-23 22:49:55.373 INFO  s.d.s.w.r.operation.CachingOperationNameGenerator[40]  Generating unique operation named: getLatestRecordContentUsingGET_8
2020-10-23 22:49:55.389 INFO  s.d.s.w.r.operation.CachingOperationNameGenerator[40]  Generating unique operation named: getPullDownValueUsingGET_4
2020-10-23 22:49:55.415 INFO  s.d.s.w.r.operation.CachingOperationNameGenerator[40]  Generating unique operation named: saveRecordContentUsingPOST_5
2020-10-23 22:49:55.439 INFO  s.d.s.w.r.operation.CachingOperationNameGenerator[40]  Generating unique operation named: confirmUsingPOST_13
2020-10-23 22:49:55.451 INFO  s.d.s.w.r.operation.CachingOperationNameGenerator[40]  Generating unique operation named: exportInfoUsingPOST_2
2020-10-23 22:49:55.456 INFO  s.d.s.w.r.operation.CachingOperationNameGenerator[40]  Generating unique operation named: getDetailednessInfoUsingPOST_3
2020-10-23 22:49:55.465 INFO  s.d.s.w.r.operation.CachingOperationNameGenerator[40]  Generating unique operation named: getInfoListUsingPOST_3
2020-10-23 22:49:55.471 INFO  s.d.s.w.r.operation.CachingOperationNameGenerator[40]  Generating unique operation named: getPullDownValueUsingGET_5
2020-10-23 22:49:55.475 INFO  s.d.s.w.r.operation.CachingOperationNameGenerator[40]  Generating unique operation named: saveRecordContentUsingPOST_6
2020-10-23 22:49:55.487 INFO  s.d.s.w.r.operation.CachingOperationNameGenerator[40]  Generating unique operation named: getProgressUsingGET_1
2020-10-23 22:49:55.623 INFO  s.d.s.w.r.operation.CachingOperationNameGenerator[40]  Generating unique operation named: exportTraceablityManUsingPOST_1
2020-10-23 22:49:55.676 INFO  s.d.s.w.r.operation.CachingOperationNameGenerator[40]  Generating unique operation named: getSuperiorUsingGET_2
2020-10-23 22:49:55.760 INFO  o.s.scheduling.concurrent.ThreadPoolTaskScheduler[171]  Initializing ExecutorService
2020-10-23 22:49:55.764 INFO  c.j.qualityworkflow.modules.ipqc.job.ipqcMailJob[27]  查询IPQC超时任务
2020-10-23 22:49:55.769 INFO  org.apache.coyote.http11.Http11NioProtocol[173]  Starting ProtocolHandler ["http-nio-8115"]
2020-10-23 22:49:55.780 INFO  org.apache.tomcat.util.net.NioSelectorPool[173]  Using a shared selector for servlet write/read
2020-10-23 22:49:55.799 INFO  com.zaxxer.hikari.HikariDataSource[110]  HikariPool-1 - Starting...
2020-10-23 22:49:55.801 WARN  com.zaxxer.hikari.util.DriverDataSource[68]  Registered driver with driverClassName=com.mysql.jdbc.Driver was not found, trying direct instantiation.
2020-10-23 22:49:55.802 INFO  o.s.boot.web.embedded.tomcat.TomcatWebServer[204]  Tomcat started on port(s): 8115 (http) with context path ''
2020-10-23 22:49:55.806 INFO  cn.jwis.qualityworkflow.Application[59]  Started Application in 9.545 seconds (JVM running for 26.578)
2020-10-23 22:49:56.235 INFO  com.zaxxer.hikari.HikariDataSource[123]  HikariPool-1 - Start completed.
2020-10-23 22:49:56.242 DEBUG c.j.q.dao.TaskRecordMapper.getOverTimeTaskRecord[145]  ==>  Preparing: SELECT *, HOUR(timediff(now() , create_date)) overTimeNum FROM task_record WHERE template_key = ? AND task_state IS NULL AND task_name = ? AND HOUR(timediff(now() , create_date)) >= ? 
2020-10-23 22:49:56.266 DEBUG c.j.q.dao.TaskRecordMapper.getOverTimeTaskRecord[145]  ==> Parameters: Line Qualify(String), 文件收集(String), 2(Integer)
2020-10-23 22:49:56.303 DEBUG c.j.q.m.qims.dao.BlackDashBoardMapper.getHoliday[145]  ==>  Preparing: SELECT DISTINCT date FROM holiday_maintenance WHERE type = '节假日' 
2020-10-23 22:49:56.303 DEBUG c.j.q.m.qims.dao.BlackDashBoardMapper.getHoliday[145]  ==> Parameters: 
2020-10-23 22:49:56.306 DEBUG c.j.q.dao.TaskRecordMapper.getOverTimeTaskRecord[145]  <==      Total: 8
2020-10-23 22:49:56.309 DEBUG c.j.q.dao.TaskRecordMapper.getOverTimeTaskRecord2[145]  ==>  Preparing: SELECT *, HOUR(timediff(now() , create_date)) overTimeNum FROM task_record WHERE template_key = ? AND task_state IS NULL AND HOUR(timediff(now() , create_date)) >= ? 
2020-10-23 22:49:56.309 DEBUG c.j.q.dao.TaskRecordMapper.getOverTimeTaskRecord2[145]  ==> Parameters: IPQCAuditProcess(String), 24(Integer)
2020-10-23 22:49:56.319 DEBUG c.j.q.m.qims.dao.BlackDashBoardMapper.getHoliday[145]  <==      Total: 6
2020-10-23 22:49:56.319 DEBUG c.j.q.dao.TaskRecordMapper.getOverTimeTaskRecord[145]  ==>  Preparing: SELECT *, HOUR(timediff(now() , create_date)) overTimeNum FROM task_record WHERE template_key = ? AND task_state IS NULL AND task_name = ? AND HOUR(timediff(now() , create_date)) >= ? 
2020-10-23 22:49:56.320 DEBUG c.j.q.dao.TaskRecordMapper.getOverTimeTaskRecord[145]  ==> Parameters: FactoryAuditProcess(String), 部门审核(String), 24(Integer)
2020-10-23 22:49:56.331 DEBUG c.j.q.dao.TaskRecordMapper.getOverTimeTaskRecord2[145]  <==      Total: 16
2020-10-23 22:49:56.332 DEBUG c.j.q.m.qims.dao.QimsSendMailMapper.getTimeById[145]  ==>  Preparing: select time from email_history_info where id =? 
2020-10-23 22:49:56.333 DEBUG c.j.q.m.qims.dao.QimsSendMailMapper.getTimeById[145]  ==> Parameters: 1294123945645047808(String)
2020-10-23 22:49:56.390 DEBUG c.j.q.dao.TaskRecordMapper.getOverTimeTaskRecord[145]  <==      Total: 3
2020-10-23 22:49:56.390 DEBUG c.j.q.m.qims.dao.QimsSendMailMapper.getTimeById[145]  <==      Total: 1
2020-10-23 22:49:56.391 DEBUG c.j.q.m.q.d.B.getWorkOvertimeList[145]  ==>  Preparing: SELECT DISTINCT date FROM holiday_maintenance WHERE type = '补班' 
2020-10-23 22:49:56.391 DEBUG c.j.q.m.qims.dao.QimsSendMailMapper.getTimeById[145]  ==>  Preparing: select time from email_history_info where id =? 
2020-10-23 22:49:56.391 DEBUG c.j.q.m.q.d.B.getWorkOvertimeList[145]  ==> Parameters: 
2020-10-23 22:49:56.391 DEBUG c.j.q.m.qims.dao.QimsSendMailMapper.getTimeById[145]  ==> Parameters: 1295192540470837248(String)
2020-10-23 22:49:56.403 DEBUG c.j.q.m.q.d.B.getWorkOvertimeList[145]  <==      Total: 4
2020-10-23 22:49:56.403 DEBUG c.j.q.m.qims.dao.QimsSendMailMapper.getTimeById[145]  ==>  Preparing: select time from email_history_info where id =? 
2020-10-23 22:49:56.404 DEBUG c.j.q.m.qims.dao.QimsSendMailMapper.getTimeById[145]  ==> Parameters: 1303868320843300864(String)
2020-10-23 22:49:56.404 DEBUG c.j.q.m.qims.dao.QimsSendMailMapper.getTimeById[145]  <==      Total: 1
2020-10-23 22:49:56.404 DEBUG c.j.q.m.qims.dao.QimsSendMailMapper.getLtStandard[145]  ==>  Preparing: select * from qims_lt_standard_info 
2020-10-23 22:49:56.405 DEBUG c.j.q.m.qims.dao.QimsSendMailMapper.getLtStandard[145]  ==> Parameters: 
2020-10-23 22:49:56.410 DEBUG c.j.q.m.qims.dao.QimsSendMailMapper.getTimeById[145]  <==      Total: 1
2020-10-23 22:49:56.411 DEBUG c.j.q.m.qims.dao.QimsSendMailMapper.getTimeById[145]  ==>  Preparing: select time from email_history_info where id =? 
2020-10-23 22:49:56.412 DEBUG c.j.q.m.qims.dao.QimsSendMailMapper.getTimeById[145]  ==> Parameters: 1295192619508301824(String)
2020-10-23 22:49:56.413 DEBUG c.j.q.m.qims.dao.QimsSendMailMapper.getLtStandard[145]  <==      Total: 8
2020-10-23 22:49:56.414 DEBUG c.j.q.m.qims.dao.QimsSendMailMapper.getTimeById[145]  ==>  Preparing: select time from email_history_info where id =? 
2020-10-23 22:49:56.414 DEBUG c.j.q.m.qims.dao.QimsSendMailMapper.getTimeById[145]  ==> Parameters: 1303868347422605312(String)
2020-10-23 22:49:56.420 DEBUG c.j.q.m.qims.dao.QimsSendMailMapper.getTimeById[145]  <==      Total: 1
2020-10-23 22:49:56.420 DEBUG c.j.q.m.qims.dao.QimsSendMailMapper.getTimeById[145]  ==>  Preparing: select time from email_history_info where id =? 
2020-10-23 22:49:56.421 DEBUG c.j.q.m.qims.dao.QimsSendMailMapper.getTimeById[145]  ==> Parameters: 1299240419787276288(String)
2020-10-23 22:49:56.422 DEBUG c.j.q.m.qims.dao.QimsSendMailMapper.getTimeById[145]  <==      Total: 1
2020-10-23 22:49:56.423 DEBUG c.j.q.m.qims.dao.QimsSendMailMapper.getTimeById[145]  ==>  Preparing: select time from email_history_info where id =? 
2020-10-23 22:49:56.423 DEBUG c.j.q.m.qims.dao.QimsSendMailMapper.getTimeById[145]  ==> Parameters: 1303868393815801856(String)
2020-10-23 22:49:56.423 INFO  c.j.qualityworkflow.modules.qims.job.qimsMailJob[47]  查询黑色问题超过LT的信息
2020-10-23 22:49:56.428 DEBUG c.j.q.m.qims.dao.QimsSendMailMapper.getTimeById[145]  <==      Total: 1
2020-10-23 22:49:56.428 DEBUG c.j.q.m.qims.dao.QimsSendMailMapper.getBlackList[145]  ==>  Preparing: select * from task_record where task_name in('初步原因分析','根本原因分析','根本原因审核') and task_state is null and template_key='QIMSBLACK' 
2020-10-23 22:49:56.429 DEBUG c.j.q.m.qims.dao.QimsSendMailMapper.getBlackList[145]  ==> Parameters: 
2020-10-23 22:49:56.430 DEBUG c.j.q.m.qims.dao.QimsSendMailMapper.getTimeById[145]  <==      Total: 1
2020-10-23 22:49:56.431 DEBUG c.j.q.m.qims.dao.QimsSendMailMapper.getTimeById[145]  ==>  Preparing: select time from email_history_info where id =? 
2020-10-23 22:49:56.431 DEBUG c.j.q.m.qims.dao.QimsSendMailMapper.getTimeById[145]  ==> Parameters: 1303937438065885184(String)
2020-10-23 22:49:56.440 DEBUG c.j.q.m.qims.dao.QimsSendMailMapper.getTimeById[145]  <==      Total: 1
2020-10-23 22:49:56.441 DEBUG c.j.q.m.qims.dao.QimsSendMailMapper.getTimeById[145]  ==>  Preparing: select time from email_history_info where id =? 
2020-10-23 22:49:56.442 DEBUG c.j.q.m.qims.dao.QimsSendMailMapper.getBlackList[145]  <==      Total: 16
2020-10-23 22:49:56.442 DEBUG c.j.q.m.qims.dao.QimsSendMailMapper.getTimeById[145]  ==> Parameters: 1303939538460082176(String)
2020-10-23 22:49:56.450 DEBUG c.j.q.m.qims.dao.QimsSendMailMapper.getTimeById[145]  <==      Total: 1
2020-10-23 22:49:56.453 DEBUG c.j.q.m.qims.dao.QimsSendMailMapper.getTimeById[145]  ==>  Preparing: select time from email_history_info where id =? 
2020-10-23 22:49:56.454 DEBUG c.j.q.m.qims.dao.QimsSendMailMapper.getTimeById[145]  ==> Parameters: 1303939599889858560(String)
2020-10-23 22:49:56.456 DEBUG c.j.q.m.qims.dao.QimsSendMailMapper.getTimeById[145]  ==>  Preparing: select time from email_history_info where id =? 
2020-10-23 22:49:56.457 DEBUG c.j.q.m.qims.dao.QimsSendMailMapper.getTimeById[145]  ==> Parameters: 1286902446076985344(String)
2020-10-23 22:49:56.461 DEBUG c.j.q.m.qims.dao.QimsSendMailMapper.getTimeById[145]  <==      Total: 1
2020-10-23 22:49:56.462 DEBUG c.j.q.m.qims.dao.QimsSendMailMapper.getTimeById[145]  ==>  Preparing: select time from email_history_info where id =? 
2020-10-23 22:49:56.462 DEBUG c.j.q.m.qims.dao.QimsSendMailMapper.getTimeById[145]  ==> Parameters: 1306059696263659520(String)
2020-10-23 22:49:56.464 DEBUG c.j.q.m.qims.dao.QimsSendMailMapper.getTimeById[145]  <==      Total: 1
2020-10-23 22:49:56.471 DEBUG c.j.q.m.qims.dao.QimsSendMailMapper.getTimeById[145]  ==>  Preparing: select time from email_history_info where id =? 
2020-10-23 22:49:56.471 DEBUG c.j.q.m.qims.dao.QimsSendMailMapper.getTimeById[145]  ==> Parameters: 1286904434760089600(String)
2020-10-23 22:49:56.472 DEBUG c.j.q.m.qims.dao.QimsSendMailMapper.getTimeById[145]  <==      Total: 1
2020-10-23 22:49:56.473 DEBUG c.j.q.m.qims.dao.QimsSendMailMapper.getTimeById[145]  ==>  Preparing: select time from email_history_info where id =? 
2020-10-23 22:49:56.474 DEBUG c.j.q.m.qims.dao.QimsSendMailMapper.getTimeById[145]  ==> Parameters: 1306155886347026432(String)
2020-10-23 22:49:56.478 DEBUG c.j.q.m.qims.dao.QimsSendMailMapper.getTimeById[145]  <==      Total: 1
2020-10-23 22:49:56.481 DEBUG c.j.q.m.qims.dao.QimsSendMailMapper.getTimeById[145]  <==      Total: 1
2020-10-23 22:49:56.481 DEBUG c.j.q.m.qims.dao.QimsSendMailMapper.getTimeById[145]  ==>  Preparing: select time from email_history_info where id =? 
2020-10-23 22:49:56.482 DEBUG c.j.q.m.qims.dao.QimsSendMailMapper.getTimeById[145]  ==> Parameters: 1306201167000240128(String)
2020-10-23 22:49:56.490 DEBUG c.j.q.m.qims.dao.QimsSendMailMapper.getTimeById[145]  <==      Total: 1
2020-10-23 22:49:56.490 DEBUG c.j.q.m.qims.dao.QimsSendMailMapper.getTimeById[145]  ==>  Preparing: select time from email_history_info where id =? 
2020-10-23 22:49:56.491 DEBUG c.j.q.m.qims.dao.QimsSendMailMapper.getTimeById[145]  ==> Parameters: 1308013106458263552(String)
2020-10-23 22:49:56.497 DEBUG c.j.q.m.qims.dao.QimsSendMailMapper.getTimeById[145]  <==      Total: 0
2020-10-23 22:50:00.001 INFO  c.j.q.m.t.T.TraceabilityMachineTimerManager[50]  设备定时任务开启
2020-10-23 22:50:00.013 DEBUG c.j.q.m.t.d.T.getTraceabilityMachineList[145]  ==>  Preparing: select table_name from traceability_machine_data group by table_name 
2020-10-23 22:50:00.014 DEBUG c.j.q.m.t.d.T.getTraceabilityMachineList[145]  ==> Parameters: 
2020-10-23 22:50:00.025 DEBUG c.j.q.m.t.d.T.getTraceabilityMachineList[145]  <==      Total: 5
2020-10-23 22:50:00.026 DEBUG c.j.q.m.t.d.T.getTraceabilityMachineFiledName[145]  ==>  Preparing: select filed_name from traceability_machine_data where table_name=? 
2020-10-23 22:50:00.026 DEBUG c.j.q.m.t.d.T.getTraceabilityMachineFiledName[145]  ==> Parameters: dust_free_shed(String)
2020-10-23 22:50:00.035 DEBUG c.j.q.m.t.d.T.getTraceabilityMachineFiledName[145]  <==      Total: 11
2020-10-23 22:50:00.035 DEBUG c.j.q.m.t.d.T.getMaxCreateTime[145]  ==>  Preparing: select max(createtime) from dust_free_shed 
2020-10-23 22:50:00.035 DEBUG c.j.q.m.t.d.T.getMaxCreateTime[145]  ==> Parameters: 
2020-10-23 22:50:00.098 DEBUG c.j.q.m.t.d.T.getMaxCreateTime[145]  <==      Total: 1
2020-10-23 22:50:00.431 ERROR o.s.s.support.TaskUtils$LoggingErrorHandler[96] java.lang.NullPointerException: null
	at cn.jwis.qualityworkflow.modules.traceablity.TimerManager.TraceabilityMachineTimerManager.getLenovoMachineData(TraceabilityMachineTimerManager.java:105)
	at cn.jwis.qualityworkflow.modules.traceablity.TimerManager.TraceabilityMachineTimerManager.MachineTimerManager(TraceabilityMachineTimerManager.java:57)
	at sun.reflect.NativeMethodAccessorImpl.invoke0(Native Method)
	at sun.reflect.NativeMethodAccessorImpl.invoke(NativeMethodAccessorImpl.java:62)
	at sun.reflect.DelegatingMethodAccessorImpl.invoke(DelegatingMethodAccessorImpl.java:43)
	at java.lang.reflect.Method.invoke(Method.java:498)
	at org.springframework.scheduling.support.ScheduledMethodRunnable.run(ScheduledMethodRunnable.java:84)
	at org.springframework.scheduling.support.DelegatingErrorHandlingRunnable.run(DelegatingErrorHandlingRunnable.java:54)
	at org.springframework.scheduling.concurrent.ReschedulingRunnable.run(ReschedulingRunnable.java:93)
	at java.util.concurrent.Executors$RunnableAdapter.call(Executors.java:511)
	at java.util.concurrent.FutureTask.run(FutureTask.java:266)
	at java.util.concurrent.ScheduledThreadPoolExecutor$ScheduledFutureTask.access$201(ScheduledThreadPoolExecutor.java:180)
	at java.util.concurrent.ScheduledThreadPoolExecutor$ScheduledFutureTask.run(ScheduledThreadPoolExecutor.java:293)
	at java.util.concurrent.ThreadPoolExecutor.runWorker(ThreadPoolExecutor.java:1149)
	at java.util.concurrent.ThreadPoolExecutor$Worker.run(ThreadPoolExecutor.java:624)
	at java.lang.Thread.run(Thread.java:748)
 Unexpected error occurred in scheduled task.
2020-10-23 22:50:02.703 DEBUG cn.jwis.qualityworkflow.util.EmailService[144]  get handler mail from http://gateway.dev.jwis.io/platform/sys/user/internal-read?name=kiween happen error cause:I/O error on GET request for "http://gateway.dev.jwis.io/platform/sys/user/internal-read": connect timed out; nested exception is java.net.SocketTimeoutException: connect timed out
2020-10-23 22:50:02.703 DEBUG cn.jwis.qualityworkflow.util.EmailService[144]  get handler mail from http://gateway.dev.jwis.io/platform/sys/user/internal-read?name=qualityadmin happen error cause:I/O error on GET request for "http://gateway.dev.jwis.io/platform/sys/user/internal-read": connect timed out; nested exception is java.net.SocketTimeoutException: connect timed out
2020-10-23 22:50:02.703 DEBUG cn.jwis.qualityworkflow.util.EmailService[144]  get handler mail from http://gateway.dev.jwis.io/platform/sys/user/internal-read?name=dz_gyb1 happen error cause:I/O error on GET request for "http://gateway.dev.jwis.io/platform/sys/user/internal-read": connect timed out; nested exception is java.net.SocketTimeoutException: connect timed out
2020-10-23 22:50:02.703 DEBUG cn.jwis.qualityworkflow.util.EmailService[144]  get handler mail from http://gateway.dev.jwis.io/platform/sys/user/internal-read?name=gupp2 happen error cause:I/O error on GET request for "http://gateway.dev.jwis.io/platform/sys/user/internal-read": connect timed out; nested exception is java.net.SocketTimeoutException: connect timed out
2020-10-23 22:50:02.717 DEBUG c.j.q.m.qims.dao.QimsSendMailMapper.getTimeById[145]  ==>  Preparing: select time from email_history_info where id =? 
2020-10-23 22:50:02.718 DEBUG c.j.q.m.qims.dao.QimsSendMailMapper.getTimeById[145]  ==> Parameters: 1308013110702899200(String)
2020-10-23 22:50:02.719 DEBUG cn.jwis.qualityworkflow.dao.UserMapper.getSuperior[145]  ==>  Preparing: select superior from department_mapping where user_account = ? and type = ? limit 0,1 
2020-10-23 22:50:02.720 DEBUG cn.jwis.qualityworkflow.dao.UserMapper.getSuperior[145]  ==> Parameters: qualityadmin(String), COMMON(String)
2020-10-23 22:50:02.722 DEBUG cn.jwis.qualityworkflow.dao.UserMapper.getSuperior[145]  ==>  Preparing: select superior from department_mapping where user_account = ? and type = ? limit 0,1 
2020-10-23 22:50:02.722 DEBUG cn.jwis.qualityworkflow.dao.UserMapper.getSuperior[145]  ==> Parameters: gupp2(String), QIMS(String)
2020-10-23 22:50:02.726 DEBUG cn.jwis.qualityworkflow.dao.UserMapper.getSuperior[145]  ==>  Preparing: select superior from department_mapping where user_account = ? and type = ? limit 0,1 
2020-10-23 22:50:02.727 DEBUG c.j.q.m.qims.dao.QimsSendMailMapper.getTimeById[145]  <==      Total: 1
2020-10-23 22:50:02.727 DEBUG cn.jwis.qualityworkflow.dao.UserMapper.getSuperior[145]  ==> Parameters: dz_gyb1(String), COMMON(String)
2020-10-23 22:50:02.730 DEBUG cn.jwis.qualityworkflow.dao.UserMapper.getSuperior[145]  <==      Total: 1
2020-10-23 22:50:02.732 DEBUG cn.jwis.qualityworkflow.dao.UserMapper.getSuperior[145]  <==      Total: 0
2020-10-23 22:50:02.732 DEBUG c.j.q.dao.UserMapper.getSuperiorManagerByUser[145]  ==>  Preparing: select superior_manager from department_mapping where user_account = ? and type = ? limit 0,1 
2020-10-23 22:50:02.733 DEBUG c.j.q.dao.UserMapper.getSuperiorManagerByUser[145]  ==> Parameters: gupp2(String), QIMS(String)
2020-10-23 22:50:02.737 DEBUG cn.jwis.qualityworkflow.dao.UserMapper.getSuperior[145]  <==      Total: 1
2020-10-23 22:50:02.742 DEBUG c.j.q.dao.UserMapper.getSuperiorManagerByUser[145]  <==      Total: 0
2020-10-23 22:50:02.748 DEBUG c.j.q.m.qims.dao.QimsSendMailMapper.getTimeById[145]  ==>  Preparing: select time from email_history_info where id =? 
2020-10-23 22:50:02.748 DEBUG c.j.q.m.qims.dao.QimsSendMailMapper.getTimeById[145]  ==> Parameters: 1286916730144161792(String)
2020-10-23 22:50:02.755 DEBUG c.j.q.m.qims.dao.QimsSendMailMapper.getTimeById[145]  <==      Total: 1
2020-10-23 22:50:02.801 INFO  cn.jwis.qualityworkflow.util.EmailService[142]  qualityadmin email is 
2020-10-23 22:50:02.802 DEBUG cn.jwis.qualityworkflow.dao.UserMapper.getSuperior[145]  ==>  Preparing: select superior from department_mapping where user_account = ? and type = ? limit 0,1 
2020-10-23 22:50:02.802 DEBUG cn.jwis.qualityworkflow.dao.UserMapper.getSuperior[145]  ==> Parameters: qualityadmin(String), COMMON(String)
2020-10-23 22:50:02.809 DEBUG cn.jwis.qualityworkflow.dao.UserMapper.getSuperior[145]  <==      Total: 1
2020-10-23 22:50:02.821 INFO  cn.jwis.qualityworkflow.util.EmailService[142]  dz_gyb2 email is jian.song@jwis.cn
2020-10-23 22:50:02.821 INFO  cn.jwis.qualityworkflow.util.EmailService[142]  qualityadmin email is 
2020-10-23 22:50:02.822 INFO  c.j.q.m.factoryaudit.job.AuditQuestionMailJob[31]  邮件下发结束
2020-10-23 22:50:02.822 DEBUG c.j.q.m.qims.dao.QimsSendMailMapper.getTimeById[145]  ==>  Preparing: select time from email_history_info where id =? 
2020-10-23 22:50:02.822 DEBUG c.j.q.m.qims.dao.QimsSendMailMapper.getTimeById[145]  ==> Parameters: 1294123945682796544(String)
2020-10-23 22:50:02.831 INFO  cn.jwis.qualityworkflow.util.EmailService[142]  gupp2 email is null
2020-10-23 22:50:02.832 DEBUG cn.jwis.qualityworkflow.dao.UserMapper.getSuperior[145]  ==>  Preparing: select superior from department_mapping where user_account = ? and type = ? limit 0,1 
2020-10-23 22:50:02.832 DEBUG cn.jwis.qualityworkflow.dao.UserMapper.getSuperior[145]  ==> Parameters: gupp2(String), QIMS(String)
2020-10-23 22:50:02.832 INFO  cn.jwis.qualityworkflow.util.EmailService[142]  qualityadmin email is 
2020-10-23 22:50:02.832 DEBUG c.j.q.m.qims.dao.QimsSendMailMapper.getTimeById[145]  ==>  Preparing: select time from email_history_info where id =? 
2020-10-23 22:50:02.833 DEBUG c.j.q.m.qims.dao.QimsSendMailMapper.getTimeById[145]  ==> Parameters: 1308013113928318976(String)
2020-10-23 22:50:02.833 DEBUG c.j.q.m.qims.dao.QimsSendMailMapper.getTimeById[145]  <==      Total: 1
2020-10-23 22:50:02.833 DEBUG c.j.q.m.qims.dao.QimsSendMailMapper.getTimeById[145]  ==>  Preparing: select time from email_history_info where id =? 
2020-10-23 22:50:02.834 DEBUG c.j.q.m.qims.dao.QimsSendMailMapper.getTimeById[145]  ==> Parameters: 1294123945716350976(String)
2020-10-23 22:50:02.840 DEBUG cn.jwis.qualityworkflow.dao.UserMapper.getSuperior[145]  <==      Total: 0
2020-10-23 22:50:02.840 DEBUG c.j.q.m.qims.dao.QimsSendMailMapper.getTimeById[145]  <==      Total: 1
2020-10-23 22:50:02.840 DEBUG c.j.q.m.qims.dao.QimsSendMailMapper.getTimeById[145]  <==      Total: 1
2020-10-23 22:50:02.840 DEBUG c.j.q.dao.UserMapper.getSuperiorManagerByUser[145]  ==>  Preparing: select superior_manager from department_mapping where user_account = ? and type = ? limit 0,1 
2020-10-23 22:50:02.840 DEBUG c.j.q.dao.UserMapper.getSuperiorManagerByUser[145]  ==> Parameters: gupp2(String), QIMS(String)
2020-10-23 22:50:02.850 DEBUG c.j.q.dao.UserMapper.getSuperiorManagerByUser[145]  <==      Total: 0
2020-10-23 22:50:02.854 DEBUG c.j.q.m.qims.dao.QimsSendMailMapper.getTimeById[145]  ==>  Preparing: select time from email_history_info where id =? 
2020-10-23 22:50:02.854 DEBUG c.j.q.m.qims.dao.QimsSendMailMapper.getTimeById[145]  ==> Parameters: 1287933861786812416(String)
2020-10-23 22:50:02.865 DEBUG c.j.q.m.qims.dao.QimsSendMailMapper.getTimeById[145]  <==      Total: 1
2020-10-23 22:50:02.869 DEBUG c.j.q.m.qims.dao.QimsSendMailMapper.getTimeById[145]  ==>  Preparing: select time from email_history_info where id =? 
2020-10-23 22:50:02.869 DEBUG c.j.q.m.qims.dao.QimsSendMailMapper.getTimeById[145]  ==> Parameters: 1288026981719343104(String)
2020-10-23 22:50:02.881 DEBUG c.j.q.m.qims.dao.QimsSendMailMapper.getTimeById[145]  <==      Total: 1
2020-10-23 22:50:02.885 DEBUG c.j.q.m.qims.dao.QimsSendMailMapper.getTimeById[145]  ==>  Preparing: select time from email_history_info where id =? 
2020-10-23 22:50:02.886 DEBUG c.j.q.m.qims.dao.QimsSendMailMapper.getTimeById[145]  ==> Parameters: 1288030012091400192(String)
2020-10-23 22:50:02.896 DEBUG c.j.q.m.qims.dao.QimsSendMailMapper.getTimeById[145]  <==      Total: 1
2020-10-23 22:50:02.900 DEBUG c.j.q.m.qims.dao.QimsSendMailMapper.getTimeById[145]  ==>  Preparing: select time from email_history_info where id =? 
2020-10-23 22:50:02.900 DEBUG c.j.q.m.qims.dao.QimsSendMailMapper.getTimeById[145]  ==> Parameters: 1288031400154365952(String)
2020-10-23 22:50:02.907 DEBUG c.j.q.m.qims.dao.QimsSendMailMapper.getTimeById[145]  <==      Total: 1
2020-10-23 22:50:02.910 DEBUG c.j.q.m.qims.dao.QimsSendMailMapper.getTimeById[145]  ==>  Preparing: select time from email_history_info where id =? 
2020-10-23 22:50:02.912 DEBUG c.j.q.m.qims.dao.QimsSendMailMapper.getTimeById[145]  ==> Parameters: 1288826420755169280(String)
2020-10-23 22:50:02.913 INFO  cn.jwis.qualityworkflow.util.EmailService[142]  qualityadmin email is 
2020-10-23 22:50:02.914 DEBUG cn.jwis.qualityworkflow.dao.UserMapper.getSuperior[145]  ==>  Preparing: select superior from department_mapping where user_account = ? and type = ? limit 0,1 
2020-10-23 22:50:02.914 DEBUG cn.jwis.qualityworkflow.dao.UserMapper.getSuperior[145]  ==> Parameters: qualityadmin(String), COMMON(String)
2020-10-23 22:50:02.914 INFO  cn.jwis.qualityworkflow.util.EmailService[142]  xujinbiao email is 
2020-10-23 22:50:02.915 DEBUG cn.jwis.qualityworkflow.dao.UserMapper.getSuperior[145]  ==>  Preparing: select superior from department_mapping where user_account = ? and type = ? limit 0,1 
2020-10-23 22:50:02.915 DEBUG cn.jwis.qualityworkflow.dao.UserMapper.getSuperior[145]  ==> Parameters: xujinbiao(String), COMMON(String)
2020-10-23 22:50:02.928 DEBUG cn.jwis.qualityworkflow.dao.UserMapper.getSuperior[145]  <==      Total: 1
2020-10-23 22:50:02.928 DEBUG cn.jwis.qualityworkflow.dao.UserMapper.getSuperior[145]  <==      Total: 1
2020-10-23 22:50:02.928 DEBUG c.j.q.m.qims.dao.QimsSendMailMapper.getTimeById[145]  <==      Total: 1
2020-10-23 22:50:02.956 INFO  cn.jwis.qualityworkflow.util.EmailService[142]  dz_gyb2 email is jian.song@jwis.cn
2020-10-23 22:50:02.956 DEBUG cn.jwis.qualityworkflow.dao.UserMapper.getSuperior[145]  ==>  Preparing: select superior from department_mapping where user_account = ? and type = ? limit 0,1 
2020-10-23 22:50:02.957 INFO  cn.jwis.qualityworkflow.util.EmailService[142]  hualanlan email is gaara.hua@jwis.cn
2020-10-23 22:50:02.957 DEBUG cn.jwis.qualityworkflow.dao.UserMapper.getSuperior[145]  ==> Parameters: dz_gyb2(String), QIMS(String)
2020-10-23 22:50:02.957 DEBUG c.j.q.m.qims.dao.QimsSendMailMapper.getTimeById[145]  ==>  Preparing: select time from email_history_info where id =? 
2020-10-23 22:50:02.957 DEBUG c.j.q.m.qims.dao.QimsSendMailMapper.getTimeById[145]  ==> Parameters: 1295193219738370048(String)
2020-10-23 22:50:02.958 INFO  cn.jwis.qualityworkflow.util.EmailService[142]  qualityadmin email is 
2020-10-23 22:50:02.959 DEBUG c.j.q.m.qims.dao.QimsSendMailMapper.getTimeById[145]  ==>  Preparing: select time from email_history_info where id =? 
2020-10-23 22:50:02.959 DEBUG c.j.q.m.qims.dao.QimsSendMailMapper.getTimeById[145]  ==> Parameters: 1308013116927246336(String)
2020-10-23 22:50:02.966 DEBUG cn.jwis.qualityworkflow.dao.UserMapper.getSuperior[145]  <==      Total: 1
2020-10-23 22:50:02.967 DEBUG c.j.q.dao.UserMapper.getSuperiorManagerByUser[145]  ==>  Preparing: select superior_manager from department_mapping where user_account = ? and type = ? limit 0,1 
2020-10-23 22:50:02.967 DEBUG c.j.q.dao.UserMapper.getSuperiorManagerByUser[145]  ==> Parameters: dz_gyb2(String), QIMS(String)
2020-10-23 22:50:02.972 DEBUG c.j.q.m.qims.dao.QimsSendMailMapper.getTimeById[145]  <==      Total: 0
2020-10-23 22:50:02.972 DEBUG c.j.q.m.qims.dao.QimsSendMailMapper.getTimeById[145]  <==      Total: 1
2020-10-23 22:50:02.972 DEBUG c.j.q.m.qims.dao.QimsSendMailMapper.getTimeById[145]  ==>  Preparing: select time from email_history_info where id =? 
2020-10-23 22:50:02.973 DEBUG c.j.q.m.qims.dao.QimsSendMailMapper.getTimeById[145]  ==> Parameters: 1295193220166189056(String)
2020-10-23 22:50:02.975 DEBUG c.j.q.dao.UserMapper.getSuperiorManagerByUser[145]  <==      Total: 1
2020-10-23 22:50:02.983 DEBUG c.j.q.m.qims.dao.QimsSendMailMapper.getTimeById[145]  <==      Total: 1
2020-10-23 22:50:02.995 INFO  cn.jwis.qualityworkflow.util.EmailService[142]  kiween email is 
2020-10-23 22:50:02.995 DEBUG c.j.q.m.qims.dao.QimsSendMailMapper.getTimeById[145]  ==>  Preparing: select time from email_history_info where id =? 
2020-10-23 22:50:02.995 DEBUG c.j.q.m.qims.dao.QimsSendMailMapper.getTimeById[145]  ==> Parameters: 1309046852858937344(String)
2020-10-23 22:50:03.004 INFO  cn.jwis.qualityworkflow.util.EmailService[142]  workflow3 email is null
2020-10-23 22:50:03.004 DEBUG c.j.q.m.qims.dao.QimsSendMailMapper.getTimeById[145]  <==      Total: 0
2020-10-23 22:50:03.009 INFO  cn.jwis.qualityworkflow.util.EmailService[142]  xujinbiao email is 
2020-10-23 22:50:03.009 DEBUG cn.jwis.qualityworkflow.dao.UserMapper.getSuperior[145]  ==>  Preparing: select superior from department_mapping where user_account = ? and type = ? limit 0,1 
2020-10-23 22:50:03.009 DEBUG cn.jwis.qualityworkflow.dao.UserMapper.getSuperior[145]  ==> Parameters: xujinbiao(String), COMMON(String)
2020-10-23 22:50:03.026 INFO  cn.jwis.qualityworkflow.util.EmailService[142]  hualanlan email is gaara.hua@jwis.cn
2020-10-23 22:50:03.030 DEBUG c.j.qualityworkflow.dao.TaskRecordMapper.getById[145]  ==>  Preparing: SELECT * from task_record WHERE id = ? 
2020-10-23 22:50:03.030 DEBUG cn.jwis.qualityworkflow.dao.UserMapper.getSuperior[145]  <==      Total: 1
2020-10-23 22:50:03.030 DEBUG c.j.qualityworkflow.dao.TaskRecordMapper.getById[145]  ==> Parameters: 1288826420755169280(String)
2020-10-23 22:50:03.039 INFO  cn.jwis.qualityworkflow.util.EmailService[142]  codisan email is kelvin@jwis.cn
2020-10-23 22:50:03.039 DEBUG c.j.qualityworkflow.dao.CommonMapper.getKeyToName[145]  ==>  Preparing: SELECT * FROM key_to_name 
2020-10-23 22:50:03.039 DEBUG c.j.qualityworkflow.dao.CommonMapper.getKeyToName[145]  ==> Parameters: 
2020-10-23 22:50:03.040 DEBUG c.j.qualityworkflow.dao.TaskRecordMapper.getById[145]  <==      Total: 1
2020-10-23 22:50:03.041 DEBUG c.j.qualityworkflow.dao.CommonMapper.getKeyToName[145]  ==>  Preparing: SELECT * FROM key_to_name 
2020-10-23 22:50:03.041 DEBUG c.j.qualityworkflow.dao.CommonMapper.getKeyToName[145]  ==> Parameters: 
2020-10-23 22:50:03.048 INFO  cn.jwis.qualityworkflow.util.EmailService[142]  hualanlan email is gaara.hua@jwis.cn
2020-10-23 22:50:03.048 DEBUG c.j.q.m.qims.dao.QimsSendMailMapper.getTimeById[145]  ==>  Preparing: select time from email_history_info where id =? 
2020-10-23 22:50:03.049 DEBUG c.j.q.m.qims.dao.QimsSendMailMapper.getTimeById[145]  ==> Parameters: 1295193707351375872(String)
2020-10-23 22:50:03.050 DEBUG c.j.qualityworkflow.dao.CommonMapper.getKeyToName[145]  <==      Total: 8
2020-10-23 22:50:03.050 DEBUG c.j.qualityworkflow.dao.CommonMapper.getKeyToName[145]  <==      Total: 8
2020-10-23 22:50:03.055 DEBUG c.j.q.m.qims.dao.QimsSendMailMapper.getTimeById[145]  <==      Total: 1
2020-10-23 22:50:03.056 DEBUG c.j.q.m.qims.dao.QimsSendMailMapper.getTimeById[145]  ==>  Preparing: select time from email_history_info where id =? 
2020-10-23 22:50:03.056 DEBUG c.j.q.m.qims.dao.QimsSendMailMapper.getTimeById[145]  ==> Parameters: 1295193707376541696(String)
2020-10-23 22:50:03.065 DEBUG c.j.q.m.qims.dao.QimsSendMailMapper.getTimeById[145]  <==      Total: 1
2020-10-23 22:50:03.094 INFO  cn.jwis.qualityworkflow.util.EmailService[142]  xujinbiao email is 
2020-10-23 22:50:03.094 DEBUG cn.jwis.qualityworkflow.dao.UserMapper.getSuperior[145]  ==>  Preparing: select superior from department_mapping where user_account = ? and type = ? limit 0,1 
2020-10-23 22:50:03.095 DEBUG cn.jwis.qualityworkflow.dao.UserMapper.getSuperior[145]  ==> Parameters: xujinbiao(String), COMMON(String)
2020-10-23 22:50:03.104 DEBUG cn.jwis.qualityworkflow.dao.UserMapper.getSuperior[145]  <==      Total: 1
2020-10-23 22:50:03.128 INFO  cn.jwis.qualityworkflow.util.EmailService[142]  hualanlan email is gaara.hua@jwis.cn
2020-10-23 22:50:03.128 DEBUG c.j.q.m.qims.dao.QimsSendMailMapper.getTimeById[145]  ==>  Preparing: select time from email_history_info where id =? 
2020-10-23 22:50:03.129 DEBUG c.j.q.m.qims.dao.QimsSendMailMapper.getTimeById[145]  ==> Parameters: 1315248790789160960(String)
2020-10-23 22:50:03.137 DEBUG c.j.q.m.qims.dao.QimsSendMailMapper.getTimeById[145]  <==      Total: 1
2020-10-23 22:50:03.162 INFO  cn.jwis.qualityworkflow.util.EmailService[142]  dz_gyb1 email is gaara.hua@jwis.cn
2020-10-23 22:50:03.162 DEBUG cn.jwis.qualityworkflow.dao.UserMapper.getSuperior[145]  ==>  Preparing: select superior from department_mapping where user_account = ? and type = ? limit 0,1 
2020-10-23 22:50:03.163 DEBUG cn.jwis.qualityworkflow.dao.UserMapper.getSuperior[145]  ==> Parameters: dz_gyb1(String), COMMON(String)
2020-10-23 22:50:03.172 DEBUG cn.jwis.qualityworkflow.dao.UserMapper.getSuperior[145]  <==      Total: 1
2020-10-23 22:50:03.199 INFO  cn.jwis.qualityworkflow.util.EmailService[142]  dz_gyb2 email is jian.song@jwis.cn
2020-10-23 22:50:03.199 DEBUG c.j.qualityworkflow.dao.CommonMapper.getKeyToName[145]  ==>  Preparing: SELECT * FROM key_to_name 
2020-10-23 22:50:03.200 DEBUG c.j.qualityworkflow.dao.CommonMapper.getKeyToName[145]  ==> Parameters: 
2020-10-23 22:50:03.208 DEBUG c.j.qualityworkflow.dao.CommonMapper.getKeyToName[145]  <==      Total: 8
2020-10-23 22:50:03.209 DEBUG c.j.q.m.l.d.L.getLineQualifyDetailednessInfo[145]  ==>  Preparing: SELECT q.*,ar.processInstanceId ,ar.taskId,ar.assignee,ar.taskState,ar.taskName FROM line_qualify_info q,(SELECT workflow_business_id, process_instance_id as processInstanceId,task_id as taskId,assignee,task_state as taskState,task_name taskName FROM task_record WHERE task_id=?) ar where q.id=ar.workflow_business_id 
2020-10-23 22:50:03.209 DEBUG c.j.q.m.l.d.L.getLineQualifyDetailednessInfo[145]  ==> Parameters: 5506556(String)
2020-10-23 22:50:03.219 DEBUG c.j.q.m.l.d.L.getLineQualifyDetailednessInfo[145]  <==      Total: 1
2020-10-23 22:50:03.429 INFO  cn.jwis.qualityworkflow.util.EmailService[74]  haomiao.liu@jwis.cn send a Mail to kelvin@jwis.cn fail, because null
2020-10-23 22:50:03.429 INFO  cn.jwis.qualityworkflow.util.EmailService[69]  haomiao.liu@jwis.cn send a Mail to jian.song@jwis.cn and make a copy for [gaara.hua@jwis.cn]
2020-10-23 22:50:03.429 INFO  cn.jwis.qualityworkflow.util.EmailService[69]  haomiao.liu@jwis.cn send a Mail to gaara.hua@jwis.cn and make a copy for [jian.song@jwis.cn]
2020-10-23 22:50:04.372 ERROR o.s.s.support.TaskUtils$LoggingErrorHandler[96] org.springframework.mail.MailSendException: Failed messages: javax.mail.SendFailedException: Invalid Addresses;
  nested exception is:
	com.sun.mail.smtp.SMTPAddressFailedException: 554 RCPT (kelvin@jwis.cn) dosn't exist

	at org.springframework.mail.javamail.JavaMailSenderImpl.doSend(JavaMailSenderImpl.java:488)
	at org.springframework.mail.javamail.JavaMailSenderImpl.send(JavaMailSenderImpl.java:359)
	at org.springframework.mail.javamail.JavaMailSenderImpl.send(JavaMailSenderImpl.java:354)
	at cn.jwis.qualityworkflow.util.EmailService.sendHtmlMail(EmailService.java:76)
	at cn.jwis.qualityworkflow.modules.qims.service.imp.QimsSendMailServiceImpl.sendEmailTohandler(QimsSendMailServiceImpl.java:161)
	at cn.jwis.qualityworkflow.modules.ipqc.service.imp.AuditQualityProblemServiceImpl.qimsSendMail(AuditQualityProblemServiceImpl.java:321)
	at cn.jwis.qualityworkflow.modules.ipqc.service.imp.AuditQualityProblemServiceImpl$$FastClassBySpringCGLIB$$15ff325f.invoke(<generated>)
	at org.springframework.cglib.proxy.MethodProxy.invoke(MethodProxy.java:218)
	at org.springframework.aop.framework.CglibAopProxy$DynamicAdvisedInterceptor.intercept(CglibAopProxy.java:684)
	at cn.jwis.qualityworkflow.modules.ipqc.service.imp.AuditQualityProblemServiceImpl$$EnhancerBySpringCGLIB$$7499c1bf.qimsSendMail(<generated>)
	at cn.jwis.qualityworkflow.modules.ipqc.job.ipqcMailJob.qimsSendMail(ipqcMailJob.java:28)
	at sun.reflect.NativeMethodAccessorImpl.invoke0(Native Method)
	at sun.reflect.NativeMethodAccessorImpl.invoke(NativeMethodAccessorImpl.java:62)
	at sun.reflect.DelegatingMethodAccessorImpl.invoke(DelegatingMethodAccessorImpl.java:43)
	at java.lang.reflect.Method.invoke(Method.java:498)
	at org.springframework.scheduling.support.ScheduledMethodRunnable.run(ScheduledMethodRunnable.java:84)
	at org.springframework.scheduling.support.DelegatingErrorHandlingRunnable.run(DelegatingErrorHandlingRunnable.java:54)
	at java.util.concurrent.Executors$RunnableAdapter.call(Executors.java:511)
	at java.util.concurrent.FutureTask.runAndReset(FutureTask.java:308)
	at java.util.concurrent.ScheduledThreadPoolExecutor$ScheduledFutureTask.access$301(ScheduledThreadPoolExecutor.java:180)
	at java.util.concurrent.ScheduledThreadPoolExecutor$ScheduledFutureTask.run(ScheduledThreadPoolExecutor.java:294)
	at java.util.concurrent.ThreadPoolExecutor.runWorker(ThreadPoolExecutor.java:1149)
	at java.util.concurrent.ThreadPoolExecutor$Worker.run(ThreadPoolExecutor.java:624)
	at java.lang.Thread.run(Thread.java:748)
 Unexpected error occurred in scheduled task.
2020-10-23 22:50:04.409 ERROR o.s.s.support.TaskUtils$LoggingErrorHandler[96] org.springframework.mail.MailSendException: Failed messages: javax.mail.SendFailedException: Invalid Addresses;
  nested exception is:
	com.sun.mail.smtp.SMTPAddressFailedException: 554 RCPT (jian.song@jwis.cn) dosn't exist

	at org.springframework.mail.javamail.JavaMailSenderImpl.doSend(JavaMailSenderImpl.java:488)
	at org.springframework.mail.javamail.JavaMailSenderImpl.send(JavaMailSenderImpl.java:359)
	at org.springframework.mail.javamail.JavaMailSenderImpl.send(JavaMailSenderImpl.java:354)
	at cn.jwis.qualityworkflow.util.EmailService.sendHtmlMail(EmailService.java:76)
	at cn.jwis.qualityworkflow.modules.linequalify.service.imp.LineQualifyServiceImpl.sendEmailTohandler(LineQualifyServiceImpl.java:617)
	at cn.jwis.qualityworkflow.modules.linequalify.service.imp.LineQualifyServiceImpl.sendOverTimeMail(LineQualifyServiceImpl.java:594)
	at cn.jwis.qualityworkflow.modules.linequalify.service.imp.LineQualifyServiceImpl$$FastClassBySpringCGLIB$$4ca6f597.invoke(<generated>)
	at org.springframework.cglib.proxy.MethodProxy.invoke(MethodProxy.java:218)
	at org.springframework.aop.framework.CglibAopProxy$DynamicAdvisedInterceptor.intercept(CglibAopProxy.java:684)
	at cn.jwis.qualityworkflow.modules.linequalify.service.imp.LineQualifyServiceImpl$$EnhancerBySpringCGLIB$$bc08ce67.sendOverTimeMail(<generated>)
	at cn.jwis.qualityworkflow.modules.linequalify.job.LineQualifyMailJob.sendOverTimeMail(LineQualifyMailJob.java:30)
	at sun.reflect.NativeMethodAccessorImpl.invoke0(Native Method)
	at sun.reflect.NativeMethodAccessorImpl.invoke(NativeMethodAccessorImpl.java:62)
	at sun.reflect.DelegatingMethodAccessorImpl.invoke(DelegatingMethodAccessorImpl.java:43)
	at java.lang.reflect.Method.invoke(Method.java:498)
	at org.springframework.scheduling.support.ScheduledMethodRunnable.run(ScheduledMethodRunnable.java:84)
	at org.springframework.scheduling.support.DelegatingErrorHandlingRunnable.run(DelegatingErrorHandlingRunnable.java:54)
	at java.util.concurrent.Executors$RunnableAdapter.call(Executors.java:511)
	at java.util.concurrent.FutureTask.runAndReset(FutureTask.java:308)
	at java.util.concurrent.ScheduledThreadPoolExecutor$ScheduledFutureTask.access$301(ScheduledThreadPoolExecutor.java:180)
	at java.util.concurrent.ScheduledThreadPoolExecutor$ScheduledFutureTask.run(ScheduledThreadPoolExecutor.java:294)
	at java.util.concurrent.ThreadPoolExecutor.runWorker(ThreadPoolExecutor.java:1149)
	at java.util.concurrent.ThreadPoolExecutor$Worker.run(ThreadPoolExecutor.java:624)
	at java.lang.Thread.run(Thread.java:748)
 Unexpected error occurred in scheduled task.
2020-10-23 22:50:04.409 ERROR o.s.s.support.TaskUtils$LoggingErrorHandler[96] org.springframework.mail.MailSendException: Failed messages: javax.mail.SendFailedException: Invalid Addresses;
  nested exception is:
	com.sun.mail.smtp.SMTPAddressFailedException: 554 RCPT (jian.song@jwis.cn) dosn't exist

	at org.springframework.mail.javamail.JavaMailSenderImpl.doSend(JavaMailSenderImpl.java:488)
	at org.springframework.mail.javamail.JavaMailSenderImpl.send(JavaMailSenderImpl.java:359)
	at org.springframework.mail.javamail.JavaMailSenderImpl.send(JavaMailSenderImpl.java:354)
	at cn.jwis.qualityworkflow.util.EmailService.sendHtmlMail(EmailService.java:76)
	at cn.jwis.qualityworkflow.modules.qims.service.imp.QimsSendMailServiceImpl.sendEmailTohandler(QimsSendMailServiceImpl.java:161)
	at cn.jwis.qualityworkflow.modules.qims.service.imp.QimsSendMailServiceImpl.qimsSendMail(QimsSendMailServiceImpl.java:90)
	at cn.jwis.qualityworkflow.modules.qims.job.qimsMailJob.qimsSendMail(qimsMailJob.java:49)
	at sun.reflect.NativeMethodAccessorImpl.invoke0(Native Method)
	at sun.reflect.NativeMethodAccessorImpl.invoke(NativeMethodAccessorImpl.java:62)
	at sun.reflect.DelegatingMethodAccessorImpl.invoke(DelegatingMethodAccessorImpl.java:43)
	at java.lang.reflect.Method.invoke(Method.java:498)
	at org.springframework.scheduling.support.ScheduledMethodRunnable.run(ScheduledMethodRunnable.java:84)
	at org.springframework.scheduling.support.DelegatingErrorHandlingRunnable.run(DelegatingErrorHandlingRunnable.java:54)
	at java.util.concurrent.Executors$RunnableAdapter.call(Executors.java:511)
	at java.util.concurrent.FutureTask.runAndReset(FutureTask.java:308)
	at java.util.concurrent.ScheduledThreadPoolExecutor$ScheduledFutureTask.access$301(ScheduledThreadPoolExecutor.java:180)
	at java.util.concurrent.ScheduledThreadPoolExecutor$ScheduledFutureTask.run(ScheduledThreadPoolExecutor.java:294)
	at java.util.concurrent.ThreadPoolExecutor.runWorker(ThreadPoolExecutor.java:1149)
	at java.util.concurrent.ThreadPoolExecutor$Worker.run(ThreadPoolExecutor.java:624)
	at java.lang.Thread.run(Thread.java:748)
 Unexpected error occurred in scheduled task.
